make all --print-data-base --no-builtin-variables --no-builtin-rules --question
make: *** No rule to make target 'all'.  Stop.

# GNU Make 4.3
# Built for x86_64-pc-linux-gnu
# Copyright (C) 1988-2020 Free Software Foundation, Inc.
# License GPLv3+: GNU GPL version 3 or later <http://gnu.org/licenses/gpl.html>
# This is free software: you are free to change and redistribute it.
# There is NO WARRANTY, to the extent permitted by law.

# Make data base, printed on Sun May 22 17:06:15 2022

# Variables

# environment
GDK_BACKEND = x11
# makefile (from 'Makefile', line 80)
AS = $(TOOLPREFIX)gas
# environment
LC_ALL = C
# makefile (from 'Makefile', line 279)
QEMUGDB = $(shell if $(QEMU) -help | grep -q '^-gdb'; then echo "-gdb tcp::$(GDBPORT)"; else echo "-s -p $(GDBPORT)"; fi)
# makefile (from 'Makefile', line 145)
ULIB = ulib.o usys.o printf.o umalloc.o math.o common.o huffman.o decodemp3.o
# environment
VSCODE_IPC_HOOK_EXTHOST = /run/user/1000/vscode-ipc-1bea1e83-ad39-4af8-8eef-66d6ccf674ef.sock
# makefile (from 'Makefile', line 277)
GDBPORT = $(shell expr `id -u` % 5000 + 25000)
# environment
VSCODE_CWD = /home/jacob
# environment
WAYLAND_DISPLAY_LOW_DENSITY = wayland-1
# default
MAKE_COMMAND := make
# environment
QT_ACCESSIBILITY = 1
# automatic
@D = $(patsubst %/,%,$(dir $@))
# environment
VSCODE_HANDLES_UNCAUGHT_ERRORS = true
# default
.VARIABLES := 
# environment
PWD = /home/jacob/OS/GIT/XV6/xv6
# automatic
%D = $(patsubst %/,%,$(dir $%))
# environment
XDG_DATA_DIRS = /home/jacob/.local/share:/home/jacob/.local/share/flatpak/exports/share:/var/lib/flatpak/exports/share:/usr/local/share:/usr/share
# automatic
^D = $(patsubst %/,%,$(dir $^))
# environment
VSCODE_LOG_STACK = false
# automatic
%F = $(notdir $%)
# environment
VSCODE_CODE_CACHE_PATH = /home/jacob/.config/Code/CachedData/57fd6d0195bb9b9d1b49f6da5db789060795de47
# environment
LANG = C
# default
.LOADED := 
# default
.INCLUDE_DIRS = /usr/local/include /usr/include /usr/include
# makefile
MAKEFLAGS = pqrR
# makefile
CURDIR := /home/jacob/OS/GIT/XV6/xv6
# environment
VSCODE_PIPE_LOGGING = true
# environment
APPLICATION_INSIGHTS_NO_DIAGNOSTIC_CHANNEL = 1
# automatic
*D = $(patsubst %/,%,$(dir $*))
# environment
MFLAGS = -pqrR
# default
.SHELLFLAGS := -c
# makefile (from 'Makefile', line 133)
MEMFSOBJS = $(filter-out ide.o,$(OBJS)) memide.o
# environment
SOMMELIER_GLAMOR = 1
# environment
WAYLAND_DISPLAY = wayland-0
# automatic
+D = $(patsubst %/,%,$(dir $+))
# environment
XCURSOR_THEME = Adwaita
# makefile (from 'null.d', line 1)
MAKEFILE_LIST := Makefile null.d
# makefile (from 'Makefile', line 88)
ASFLAGS = -m32 -gdwarf-2 -Wa,-divide
# automatic
@F = $(notdir $@)
# environment
VSCODE_VERBOSE_LOGGING = true
# environment
VSCODE_PID = 862
# automatic
?D = $(patsubst %/,%,$(dir $?))
# automatic
*F = $(notdir $*)
# environment
QT_QPA_PLATFORMTHEME = gtk2
# environment
CHROME_DESKTOP = code-url-handler.desktop
# environment
DBUS_SESSION_BUS_ADDRESS = unix:path=/run/user/1000/bus
# automatic
<D = $(patsubst %/,%,$(dir $<))
# environment
VSCODE_NLS_CONFIG = {"locale":"en-us","availableLanguages":{},"_languagePackSupport":true}
# default
MAKE_HOST := x86_64-pc-linux-gnu
# makefile (from 'Makefile', line 1)
OBJS = sound.o bio.o console.o exec.o file.o fs.o ide.o ioapic.o kalloc.o kbd.o lapic.o log.o main.o mp.o picirq.o pipe.o proc.o spinlock.o string.o swtch.o sysaudio.o syscall.o sysfile.o sysproc.o timer.o trapasm.o trap.o uart.o vectors.o vm.o mouse.o window.o syswindow.o message.o vesamode.o 
# makefile (from 'Makefile', line 262)
PRINT = runoff.list runoff.spec README toc.hdr toc.ftr $(FILES)
# makefile
SHELL = /bin/sh
# default
MAKECMDGOALS := all
# environment
SHLVL = 0
# environment
MAKELEVEL := 0
# makefile (from 'Makefile', line 83)
OBJDUMP = $(TOOLPREFIX)objdump
# default
MAKE = $(MAKE_COMMAND)
# environment
LD_ARGV0_REL = ../bin/garcon
# makefile (from 'Makefile', line 206)
UPROGS = _cat _echo _forktest _grep _init _kill _ln _ls _pause _decode _mkdir _playmusic _play _playmp3 _mp3dec _rm _sh _stressfs _usertests _wc _zombie _desktop _shell_gui _shell_sh _finder _txtEditor_gui _picviewer _touch _uptime _cp _editor _mv _ren _splice _cal _shutdown _reboot _clear _vim 
# environment
PATH = /usr/local/bin:/usr/bin:/bin:/usr/local/games:/usr/games
# default
MAKEFILES := 
# environment
XCURSOR_SIZE_LOW_DENSITY = 15
# automatic
^F = $(notdir $^)
# environment
INVOCATION_ID = 1df9f639c62148fb9c8a3d2ea413bae2
# environment
XDG_CONFIG_HOME = /home/jacob/.config
# environment
VSCODE_LOG_NATIVE = false
# environment
SOMMELIER_VERSION = 0.20
# makefile (from 'Makefile', line 261)
FILES = $(shell grep -v '^\#' runoff.list)
# automatic
?F = $(notdir $?)
# environment
LS_COLORS = 
# automatic
+F = $(notdir $+)
# environment
ORIGINAL_XDG_CURRENT_DESKTOP = undefined
# 'override' directive
GNUMAKEFLAGS := 
# environment
BROWSER = /usr/bin/garcon-url-handler
# environment
LOGNAME = jacob
# makefile
.DEFAULT_GOAL := xv6.img
# makefile (from 'Makefile', line 65)
QEMU = $(shell if which qemu > /dev/null; then echo qemu; exit; elif which qemu-system-i386 > /dev/null; then echo qemu-system-i386; exit; else qemu=/Applications/Q.app/Contents/MacOS/i386-softmmu.app/Contents/MacOS/i386-softmmu; if test -x $$qemu; then echo $$qemu; exit; fi; fi; echo "***" 1>&2; echo "*** Error: Couldn't find a working QEMU executable." 1>&2; echo "*** Is the directory containing the qemu binary in your PATH" 1>&2; echo "*** or have you tried setting the QEMU variable in Makefile?" 1>&2; echo "***" 1>&2; exit 1)
# environment
DISPLAY = :0
# environment
USER = jacob
# default
MAKE_VERSION := 4.3
# 'override' directive
.SHELLSTATUS := 0
# makefile (from 'Makefile', line 313)
EXTRA = mkfs.c ulib.c user.h cat.c echo.c forktest.c grep.c kill.c ln.c ls.c mkdir.c rm.c stressfs.c usertests.c wc.c zombie.c printf.c umalloc.c README dot-bochsrc *.pl toc.* runoff runoff1 runoff.list .gdbinit.tmpl gdbutil touch.c cp.c uptime.c mv.c editor.c script.c cal.c shutdown.c reboot.c clear.c vim.c 
# makefile (from 'Makefile', line 90)
LDFLAGS = -m $(shell $(LD) -V | grep elf_i386 2>/dev/null)
# environment
MANAGERPID = 131
# environment
NCURSES_NO_UTF8_ACS = 1
# environment
SOMMELIER_DRM_DEVICE = /dev/dri/renderD128
# environment
_ = /usr/share/code/code
# environment
XDG_RUNTIME_DIR = /run/user/1000
# makefile (from 'Makefile', line 87)
CFLAGS = -fno-pic -static -fno-builtin -fno-strict-aliasing -fvar-tracking -fvar-tracking-assignments -O0 -Wall -MD -gdwarf-2 -m32 -fno-omit-frame-pointer $(shell $(CC) -fno-stack-protector -E -x c /dev/null >/dev/null 2>&1 && echo -fno-stack-protector)
 
# makefile (from 'Makefile', line 146)
GUILIB = context.o drawingAPI.o bitmap.o clickable.o
# environment
DISPLAY_LOW_DENSITY = :1
# environment
JOURNAL_STREAM = 9:21631
# makefile (from 'Makefile', line 283)
CPUS := 2
# environment
VSCODE_AMD_ENTRYPOINT = vs/workbench/api/node/extensionHostProcess
# environment
HOME = /home/jacob
# makefile (from 'Makefile', line 46)
TOOLPREFIX := 
# environment
ELECTRON_RUN_AS_NODE = 1
# environment
VSCODE_IPC_HOOK = /run/user/1000/vscode-55a48178-1.67.0-main.sock
# environment
XCURSOR_SIZE = 30
# default
.RECIPEPREFIX := 
# automatic
<F = $(notdir $<)
# default
SUFFIXES := 
# makefile (from 'Makefile', line 81)
LD = $(TOOLPREFIX)ld
# environment
QT_AUTO_SCREEN_SCALE_FACTOR = 1
# default
.FEATURES := target-specific order-only second-expansion else-if shortest-stem undefine oneshell nocomment grouped-target extra-prereqs archives jobserver output-sync check-symlink load
# makefile (from 'Makefile', line 285)
QEMUOPTS = -soundhw ac97 -hdb fs.img xv6.img -smp $(CPUS) -m 512 $(QEMUEXTRA)
# makefile (from 'Makefile', line 79)
CC = $(TOOLPREFIX)gcc
# makefile (from 'Makefile', line 82)
OBJCOPY = $(TOOLPREFIX)objcopy
# variable set hash-table stats:
# Load=108/1024=11%, Rehash=0, Collisions=5/176=3%

# Pattern-specific Variable Values

# No pattern-specific variable values.

# Directories

# . (device 45, inode 85665): 204 files, no impossibilities.

# 204 files, no impossibilities in 1 directories.

# Implicit Rules

_%: %.o ulib.o usys.o printf.o umalloc.o math.o common.o huffman.o decodemp3.o
#  recipe to execute (from 'Makefile', line 149):
	$(LD) $(LDFLAGS) -N -e main -Ttext 0 -o $@ $^
	$(OBJDUMP) -S $@ > $*.asm
	$(OBJDUMP) -t $@ | sed '1,/SYMBOL TABLE/d; s/ .* / /; /^$$/d' > $*.sym

# 1 implicit rules, 0 (0.0%) terminal.
# Files

# Not a target:
sysfile.o:
#  Implicit rule search has not been done.
#  Modification time never checked.
#  File has not been updated.

dist:
#  Phony target (prerequisite of .PHONY).
#  Implicit rule search has not been done.
#  File does not exist.
#  File has not been updated.
#  recipe to execute (from 'Makefile', line 323):
	rm -rf dist
	mkdir dist
	for i in $(FILES); \
	do \
		grep -v PAGEBREAK $$i >dist/$$i; \
	done
	sed '/CUT HERE/,$$d' Makefile >dist/Makefile
	echo >dist/runoff.spec
	cp $(EXTRA) dist

# Not a target:
elf.h:
#  Implicit rule search has not been done.
#  Modification time never checked.
#  File has not been updated.

# Not a target:
defs.h:
#  Implicit rule search has not been done.
#  Modification time never checked.
#  File has not been updated.

# Not a target:
toc.hdr:
#  Implicit rule search has not been done.
#  Modification time never checked.
#  File has not been updated.

# Not a target:
mp.o:
#  Implicit rule search has not been done.
#  Modification time never checked.
#  File has not been updated.

# Not a target:
lapic.o:
#  Implicit rule search has not been done.
#  Modification time never checked.
#  File has not been updated.

# Not a target:
spinlock.h:
#  Implicit rule search has not been done.
#  Modification time never checked.
#  File has not been updated.

# Not a target:
_clear:
#  Implicit rule search has not been done.
#  Modification time never checked.
#  File has not been updated.

# Not a target:
entry.o:
#  Implicit rule search has not been done.
#  Modification time never checked.
#  File has not been updated.

# Not a target:
lapic.c:
#  Implicit rule search has not been done.
#  Modification time never checked.
#  File has not been updated.

# Not a target:
buf.h:
#  Implicit rule search has not been done.
#  Modification time never checked.
#  File has not been updated.

qemu-memfs: xv6memfs.img
#  Implicit rule search has not been done.
#  Modification time never checked.
#  File has not been updated.
#  recipe to execute (from 'Makefile', line 291):
	$(QEMU) xv6memfs.img -smp $(CPUS) -m 256

# Not a target:
_rm:
#  Implicit rule search has not been done.
#  Modification time never checked.
#  File has not been updated.

# Not a target:
pipe.c:
#  Implicit rule search has not been done.
#  Modification time never checked.
#  File has not been updated.

# Not a target:
asm.h:
#  Implicit rule search has not been done.
#  Modification time never checked.
#  File has not been updated.

# Not a target:
x86.h:
#  Implicit rule search has not been done.
#  Modification time never checked.
#  File has not been updated.

# Not a target:
kbd.c:
#  Implicit rule search has not been done.
#  Modification time never checked.
#  File has not been updated.

# Not a target:
proc.c:
#  Implicit rule search has not been done.
#  Modification time never checked.
#  File has not been updated.

# Not a target:
sound.o:
#  Implicit rule search has not been done.
#  Modification time never checked.
#  File has not been updated.

# Not a target:
common.o:
#  Implicit rule search has not been done.
#  Modification time never checked.
#  File has not been updated.

# Not a target:
math.o:
#  Implicit rule search has not been done.
#  Modification time never checked.
#  File has not been updated.

# Not a target:
mp.h:
#  Implicit rule search has not been done.
#  Modification time never checked.
#  File has not been updated.

# Not a target:
_ls:
#  Implicit rule search has not been done.
#  Modification time never checked.
#  File has not been updated.

# Not a target:
usys.o:
#  Implicit rule search has not been done.
#  Modification time never checked.
#  File has not been updated.

# Not a target:
string.c:
#  Implicit rule search has not been done.
#  Modification time never checked.
#  File has not been updated.

# Not a target:
bootmain.c:
#  Implicit rule search has not been done.
#  Modification time never checked.
#  File has not been updated.

entryother: entryother.S
#  Implicit rule search has not been done.
#  Modification time never checked.
#  File has not been updated.
#  recipe to execute (from 'Makefile', line 111):
 
	$(CC) $(CFLAGS) -fno-pic -nostdinc -I. -c entryother.S
	$(LD) $(LDFLAGS) -N -e start -Ttext 0x7000 -o bootblockother.o entryother.o
	$(OBJCOPY) -S -O binary -j .text bootblockother.o entryother
	$(OBJDUMP) -S bootblockother.o > entryother.asm

# Not a target:
swtch.S:
#  Implicit rule search has not been done.
#  Modification time never checked.
#  File has not been updated.

# Not a target:
printf.o:
#  Implicit rule search has not been done.
#  Modification time never checked.
#  File has not been updated.

# Not a target:
mp.c:
#  Implicit rule search has not been done.
#  Modification time never checked.
#  File has not been updated.

# Not a target:
stat.h:
#  Implicit rule search has not been done.
#  Modification time never checked.
#  File has not been updated.

tar:
#  Implicit rule search has not been done.
#  Modification time never checked.
#  File has not been updated.
#  recipe to execute (from 'Makefile', line 346):
	rm -rf /tmp/xv6
	mkdir -p /tmp/xv6
	cp dist/* dist/.gdbinit.tmpl /tmp/xv6
	(cd /tmp; tar cf - xv6) | gzip >xv6-rev5.tar.gz

.PRECIOUS: %.o
#  Implicit rule search has not been done.
#  Modification time never checked.
#  File has not been updated.

# Not a target:
memlayout.h:
#  Implicit rule search has not been done.
#  Modification time never checked.
#  File has not been updated.

# Not a target:
_init:
#  Implicit rule search has not been done.
#  Modification time never checked.
#  File has not been updated.

# Not a target:
_playmp3:
#  Implicit rule search has not been done.
#  Modification time never checked.
#  File has not been updated.

# Not a target:
syscall.c:
#  Implicit rule search has not been done.
#  Modification time never checked.
#  File has not been updated.

# Not a target:
huffman.o:
#  Implicit rule search has not been done.
#  Modification time never checked.
#  File has not been updated.

# Not a target:
Makefile:
#  Implicit rule search has been done.
#  Last modified 2022-05-21 17:32:22.878276723
#  File has been updated.
#  Successfully updated.

# Not a target:
_cp:
#  Implicit rule search has not been done.
#  Modification time never checked.
#  File has not been updated.

bochs: fs.img xv6.img
#  Implicit rule search has not been done.
#  Modification time never checked.
#  File has not been updated.
#  recipe to execute (from 'Makefile', line 273):
	if [ ! -e .bochsrc ]; then ln -s dot-bochsrc .bochsrc; fi
	bochs -q

# Not a target:
_zombie:
#  Implicit rule search has not been done.
#  Modification time never checked.
#  File has not been updated.

# Not a target:
desktop.o:
#  Implicit rule search has not been done.
#  Modification time never checked.
#  File has not been updated.

null.o: /dev/null /usr/include/stdc-predef.h
#  Implicit rule search has not been done.
#  Modification time never checked.
#  File has not been updated.

# Not a target:
null.d:
#  Implicit rule search has been done.
#  Last modified 2022-05-22 17:06:13.256885091
#  File has been updated.
#  Successfully updated.

fs.img: mkfs README _cat _echo _forktest _grep _init _kill _ln _ls _pause _decode _mkdir _playmusic _play _playmp3 _mp3dec _rm _sh _stressfs _usertests _wc _zombie _desktop _shell_gui _shell_sh _finder _txtEditor_gui _picviewer _touch _uptime _cp _editor _mv _ren _splice _cal _shutdown _reboot _clear _vim
#  Implicit rule search has not been done.
#  Modification time never checked.
#  File has not been updated.
#  recipe to execute (from 'Makefile', line 248):
	./mkfs fs.img README $(UPROGS) hankaku.txt cty.txt HZK16.fnt close.bmp foldericon.bmp play.bmp pause.bmp viewingmode1.bmp viewingmode2.bmp createfile.bmp createfolder.bmp up.bmp gamecenter.bmp folder_icon_big.bmp folder_icon_small.bmp file_icon_big.bmp file_icon_small.bmp bg.bmp music.bmp notes.bmp setting.bmp trash.bmp qian.wav test.wav in.mp3 rollup.bmp rolldown.bmp copy.bmp cut.bmp paste.bmp search.bmp rename.bmp up1.bmp down.bmp save.bmp

print: xv6.pdf
#  Implicit rule search has not been done.
#  Modification time never checked.
#  File has not been updated.

# Not a target:
runoff.spec:
#  Implicit rule search has not been done.
#  Modification time never checked.
#  File has not been updated.

_shell_gui: shell_gui.o context.o drawingAPI.o bitmap.o clickable.o ulib.o usys.o printf.o umalloc.o math.o common.o huffman.o decodemp3.o
#  Implicit rule search has not been done.
#  Modification time never checked.
#  File has not been updated.
#  recipe to execute (from 'Makefile', line 165):
	$(LD) $(LDFLAGS) -N -e main -Ttext 0 -o $@ $^
	$(OBJDUMP) -S $@ > $*.asm
	$(OBJDUMP) -t $@ | sed '1,/SYMBOL TABLE/d; s/ .* / /; /^$$/d' > $*.sym

_desktop: desktop.o context.o drawingAPI.o bitmap.o clickable.o ulib.o usys.o printf.o umalloc.o math.o common.o huffman.o decodemp3.o
#  Implicit rule search has not been done.
#  Modification time never checked.
#  File has not been updated.
#  recipe to execute (from 'Makefile', line 160):
	$(LD) $(LDFLAGS) -N -e main -Ttext 0 -o $@ $^
	$(OBJDUMP) -S $@ > $*.asm
	$(OBJDUMP) -t $@ | sed '1,/SYMBOL TABLE/d; s/ .* / /; /^$$/d' > $*.sym

# Not a target:
_play:
#  Implicit rule search has not been done.
#  Modification time never checked.
#  File has not been updated.

qemu-nox-gdb: fs.img xv6.img .gdbinit
#  Implicit rule search has not been done.
#  Modification time never checked.
#  File has not been updated.
#  recipe to execute (from 'Makefile', line 304):
	@echo "*** Now run 'gdb'." 1>&2
	$(QEMU) -nographic $(QEMUOPTS) -S $(QEMUGDB)

# Not a target:
_editor:
#  Implicit rule search has not been done.
#  Modification time never checked.
#  File has not been updated.

# Not a target:
_echo:
#  Implicit rule search has not been done.
#  Modification time never checked.
#  File has not been updated.

clean:
#  Implicit rule search has not been done.
#  Modification time never checked.
#  File has not been updated.
#  recipe to execute (from 'Makefile', line 254):
	rm -f *.tex *.dvi *.idx *.aux *.log *.ind *.ilg \
	*.o *.d *.asm *.sym vectors.S bootblock entryother \
	initcode initcode.out kernel xv6.img fs.img kernelmemfs mkfs \
	.gdbinit \
	$(UPROGS)

# Not a target:
proc.o:
#  Implicit rule search has not been done.
#  Modification time never checked.
#  File has not been updated.

# Not a target:
_sh:
#  Implicit rule search has not been done.
#  Modification time never checked.
#  File has not been updated.

# Not a target:
kalloc.c:
#  Implicit rule search has not been done.
#  Modification time never checked.
#  File has not been updated.

# Not a target:
picirq.c:
#  Implicit rule search has not been done.
#  Modification time never checked.
#  File has not been updated.

# Not a target:
timer.o:
#  Implicit rule search has not been done.
#  Modification time never checked.
#  File has not been updated.

# Not a target:
_stressfs:
#  Implicit rule search has not been done.
#  Modification time never checked.
#  File has not been updated.

# Not a target:
fs.o:
#  Implicit rule search has not been done.
#  Modification time never checked.
#  File has not been updated.

# Not a target:
exec.o:
#  Implicit rule search has not been done.
#  Modification time never checked.
#  File has not been updated.

# Not a target:
fs.h:
#  Implicit rule search has not been done.
#  Modification time never checked.
#  File has not been updated.

# Not a target:
bootasm.S:
#  Implicit rule search has not been done.
#  Modification time never checked.
#  File has not been updated.

# Not a target:
_mv:
#  Implicit rule search has not been done.
#  Modification time never checked.
#  File has not been updated.

# Not a target:
sysproc.c:
#  Implicit rule search has not been done.
#  Modification time never checked.
#  File has not been updated.

# Not a target:
kbd.o:
#  Implicit rule search has not been done.
#  Modification time never checked.
#  File has not been updated.

# Not a target:
spinlock.o:
#  Implicit rule search has not been done.
#  Modification time never checked.
#  File has not been updated.

# Not a target:
decodemp3.o:
#  Implicit rule search has not been done.
 
#  Modification time never checked.
#  File has not been updated.

# Not a target:
_ln:
#  Implicit rule search has not been done.
#  Modification time never checked.
#  File has not been updated.

bootblock: bootasm.S bootmain.c
#  Implicit rule search has not been done.
#  Modification time never checked.
#  File has not been updated.
#  recipe to execute (from 'Makefile', line 103):
	$(CC) $(CFLAGS) -fno-pic -O -nostdinc -I. -c bootmain.c
	$(CC) $(CFLAGS) -fno-pic -nostdinc -I. -c bootasm.S
	$(LD) $(LDFLAGS) -N -e start -Ttext 0x7C00 -o bootblock.o bootasm.o bootmain.o
	$(OBJDUMP) -S bootblock.o > bootblock.asm
	$(OBJCOPY) -S -O binary -j .text bootblock.o bootblock
	./sign.pl bootblock

_playmusic: playmusic.o context.o drawingAPI.o bitmap.o clickable.o ulib.o usys.o printf.o umalloc.o math.o common.o huffman.o decodemp3.o
#  Implicit rule search has not been done.
#  Modification time never checked.
#  File has not been updated.
#  recipe to execute (from 'Makefile', line 181):
	$(LD) $(LDFLAGS) -N -e main -Ttext 0 -o $@ $^
	$(OBJDUMP) -S $@ > $*.asm
	$(OBJDUMP) -t $@ | sed '1,/SYMBOL TABLE/d; s/ .* / /; /^$$/d' > $*.sym

# Not a target:
console.o:
#  Implicit rule search has not been done.
#  Modification time never checked.
#  File has not been updated.

# Not a target:
vesamode.o:
#  Implicit rule search has not been done.
#  Modification time never checked.
#  File has not been updated.

# Not a target:
uart.c:
#  Implicit rule search has not been done.
#  Modification time never checked.
#  File has not been updated.

# Not a target:
_wc:
#  Implicit rule search has not been done.
#  Modification time never checked.
#  File has not been updated.

# Not a target:
_reboot:
#  Implicit rule search has not been done.
#  Modification time never checked.
#  File has not been updated.

# Not a target:
timer.c:
#  Implicit rule search has not been done.
#  Modification time never checked.
#  File has not been updated.

# Not a target:
pipe.o:
#  Implicit rule search has not been done.
#  Modification time never checked.
#  File has not been updated.

# Not a target:
_kill:
#  Implicit rule search has not been done.
#  Modification time never checked.
#  File has not been updated.

# Not a target:
window.o:
#  Implicit rule search has not been done.
#  Modification time never checked.
#  File has not been updated.

# Not a target:
message.o:
#  Implicit rule search has not been done.
#  Modification time never checked.
#  File has not been updated.

# Not a target:
vectors.pl:
#  Implicit rule search has not been done.
#  Modification time never checked.
#  File has not been updated.

# Not a target:
file.c:
#  Implicit rule search has not been done.
#  Modification time never checked.
#  File has not been updated.

# Not a target:
_mp3dec:
#  Implicit rule search has not been done.
#  Modification time never checked.
#  File has not been updated.

# Not a target:
file.o:
#  Implicit rule search has not been done.
#  Modification time never checked.
#  File has not been updated.

# Not a target:
uart.o:
#  Implicit rule search has not been done.
#  Modification time never checked.
#  File has not been updated.

# Not a target:
_uptime:
#  Implicit rule search has not been done.
#  Modification time never checked.
#  File has not been updated.

# Not a target:
mouse.o:
#  Implicit rule search has not been done.
#  Modification time never checked.
#  File has not been updated.

kernelmemfs: sound.o bio.o console.o exec.o file.o fs.o ioapic.o kalloc.o kbd.o lapic.o log.o main.o mp.o picirq.o pipe.o proc.o spinlock.o string.o swtch.o sysaudio.o syscall.o sysfile.o sysproc.o timer.o trapasm.o trap.o uart.o vectors.o vm.o mouse.o window.o syswindow.o message.o vesamode.o memide.o entry.o entryother initcode kernel.ld fs.img
#  Implicit rule search has not been done.
#  Modification time never checked.
#  File has not been updated.
#  recipe to execute (from 'Makefile', line 135):
	$(LD) $(LDFLAGS) -T kernel.ld -o kernelmemfs entry.o  $(MEMFSOBJS) -b binary initcode entryother fs.img
	$(OBJDUMP) -S kernelmemfs > kernelmemfs.asm
	$(OBJDUMP) -t kernelmemfs | sed '1,/SYMBOL TABLE/d; s/ .* / /; /^$$/d' > kernelmemfs.sym

# Not a target:
picirq.o:
#  Implicit rule search has not been done.
#  Modification time never checked.
#  File has not been updated.

# Not a target:
ide.c:
#  Implicit rule search has not been done.
#  Modification time never checked.
#  File has not been updated.

# Not a target:
sysaudio.o:
#  Implicit rule search has not been done.
#  Modification time never checked.
#  File has not been updated.

# Not a target:
console.c:
#  Implicit rule search has not been done.
#  Modification time never checked.
#  File has not been updated.

kernel: sound.o bio.o console.o exec.o file.o fs.o ide.o ioapic.o kalloc.o kbd.o lapic.o log.o main.o mp.o picirq.o pipe.o proc.o spinlock.o string.o swtch.o sysaudio.o syscall.o sysfile.o sysproc.o timer.o trapasm.o trap.o uart.o vectors.o vm.o mouse.o window.o syswindow.o message.o vesamode.o entry.o entryother initcode kernel.ld
#  Implicit rule search has not been done.
#  Modification time never checked.
#  File has not been updated.
#  recipe to execute (from 'Makefile', line 123):
	$(LD) $(LDFLAGS) -T kernel.ld -o kernel entry.o $(OBJS) -b binary initcode entryother
	$(OBJDUMP) -S kernel > kernel.asm
	$(OBJDUMP) -t kernel | sed '1,/SYMBOL TABLE/d; s/ .* / /; /^$$/d' > kernel.sym

# Not a target:
exec.c:
#  Implicit rule search has not been done.
#  Modification time never checked.
#  File has not been updated.

# Not a target:
_cat:
#  Implicit rule search has not been done.
#  Modification time never checked.
#  File has not been updated.

# Not a target:
kbd.h:
#  Implicit rule search has not been done.
#  Modification time never checked.
#  File has not been updated.

# Not a target:
shell_sh.o:
#  Implicit rule search has not been done.
#  Modification time never checked.
#  File has not been updated.

# Not a target:
trap.o:
#  Implicit rule search has not been done.
#  Modification time never checked.
#  File has not been updated.

# Not a target:
.DEFAULT:
#  Implicit rule search has not been done.
#  Modification time never checked.
#  File has not been updated.

# Not a target:
kernel.ld:
#  Implicit rule search has not been done.
#  Modification time never checked.
#  File has not been updated.

# Not a target:
sysproc.o:
#  Implicit rule search has not been done.
#  Modification time never checked.
#  File has not been updated.

# Not a target:
ioapic.o:
#  Implicit rule search has not been done.
#  Modification time never checked.
#  File has not been updated.

# Not a target:
traps.h:
#  Implicit rule search has not been done.
#  Modification time never checked.
#  File has not been updated.

# Not a target:
_mkdir:
#  Implicit rule search has not been done.
#  Modification time never checked.
#  File has not been updated.

# Not a target:
all:
#  Command line target.
#  Implicit rule search has been done.
#  File does not exist.
#  File has not been updated.

# Not a target:
file.h:
#  Implicit rule search has not been done.
#  Modification time never checked.
#  File has not been updated.

# Not a target:
playmusic.o:
#  Implicit rule search has not been done.
#  Modification time never checked.
#  File has not been updated.

# Not a target:
string.o:
#  Implicit rule search has not been done.
#  Modification time never checked.
#  File has not been updated.

# Not a target:
_touch:
#  Implicit rule search has not been done.
#  Modification time never checked.
#  File has not been updated.

# Not a target:
param.h:
#  Implicit rule search has not been done.
#  Modification time never checked.
#  File has not been updated.

# Not a target:
/usr/include/stdc-predef.h:
#  Implicit rule search has not been done.
#  Modification time never checked.
#  File has not been updated.

# Not a target:
toc.ftr:
#  Implicit rule search has not been done.
#  Modification time never checked.
#  File has not been updated.

# Not a target:
memide.o:
#  Implicit rule search has not been done.
#  Modification time never checked.
#  File has not been updated.

# Not a target:
_splice:
#  Implicit rule search has not been done.
#  Modification time never checked.
#  File has not been updated.

# Not a target:
main.c:
#  Implicit rule search has not been done.
#  Modification time never checked.
#  File has not been updated.

# Not a target:
vm.c:
#  Implicit rule search has not been done.
#  Modification time never checked.
#  File has not been updated.

# Not a target:
shell_gui.o:
#  Implicit rule search has not been done.
#  Modification time never checked.
#  File has not been updated.

# Not a target:
runoff.list:
#  Implicit rule search has not been done.
#  Modification time never checked.
#  File has not been updated.

# Not a target:
finder.o:
#  Implicit rule search has not been done.
#  Modification time never checked.
#  File has not been updated.

 
# Not a target:
kalloc.o:
#  Implicit rule search has not been done.
#  Modification time never checked.
#  File has not been updated.

# Not a target:
drawingAPI.o:
#  Implicit rule search has not been done.
#  Modification time never checked.
#  File has not been updated.

# Not a target:
picviewer.o:
#  Implicit rule search has not been done.
#  Modification time never checked.
#  File has not been updated.

# Not a target:
init.c:
#  Implicit rule search has not been done.
#  Modification time never checked.
#  File has not been updated.

# Not a target:
syswindow.o:
#  Implicit rule search has not been done.
#  Modification time never checked.
#  File has not been updated.

# Not a target:
_ren:
#  Implicit rule search has not been done.
#  Modification time never checked.
#  File has not been updated.

# Not a target:
ide.o:
#  Implicit rule search has not been done.
#  Modification time never checked.
#  File has not been updated.

# Not a target:
.gdbinit.tmpl:
#  Implicit rule search has not been done.
#  Modification time never checked.
#  File has not been updated.

# Not a target:
main.o:
#  Implicit rule search has not been done.
#  Modification time never checked.
#  File has not been updated.

# Not a target:
entry.S:
#  Implicit rule search has not been done.
#  Modification time never checked.
#  File has not been updated.

# Not a target:
types.h:
#  Implicit rule search has not been done.
#  Modification time never checked.
#  File has not been updated.

# Not a target:
vm.o:
#  Implicit rule search has not been done.
#  Modification time never checked.
#  File has not been updated.

# Not a target:
bio.o:
#  Implicit rule search has not been done.
#  Modification time never checked.
#  File has not been updated.

# Not a target:
fs.c:
#  Implicit rule search has not been done.
#  Modification time never checked.
#  File has not been updated.

_picviewer: picviewer.o context.o drawingAPI.o bitmap.o clickable.o ulib.o usys.o printf.o umalloc.o math.o common.o huffman.o decodemp3.o
#  Implicit rule search has not been done.
#  Modification time never checked.
#  File has not been updated.
#  recipe to execute (from 'Makefile', line 191):
	$(LD) $(LDFLAGS) -N -e main -Ttext 0 -o $@ $^
	$(OBJDUMP) -S $@ > $*.asm
	$(OBJDUMP) -t $@ | sed '1,/SYMBOL TABLE/d; s/ .* / /; /^$$/d' > $*.sym

# Not a target:
syscall.o:
#  Implicit rule search has not been done.
#  Modification time never checked.
#  File has not been updated.

# Not a target:
ulib.o:
#  Implicit rule search has not been done.
#  Modification time never checked.
#  File has not been updated.

_txtEditor_gui: txtEditor_gui.o context.o drawingAPI.o bitmap.o clickable.o ulib.o usys.o printf.o umalloc.o math.o common.o huffman.o decodemp3.o
#  Implicit rule search has not been done.
#  Modification time never checked.
#  File has not been updated.
#  recipe to execute (from 'Makefile', line 186):
	$(LD) $(LDFLAGS) -N -e main -Ttext 0 -o $@ $^
	$(OBJDUMP) -S $@ > $*.asm
	$(OBJDUMP) -t $@ | sed '1,/SYMBOL TABLE/d; s/ .* / /; /^$$/d' > $*.sym

_shell_sh: shell_sh.o context.o drawingAPI.o bitmap.o clickable.o ulib.o usys.o printf.o umalloc.o math.o common.o huffman.o decodemp3.o
#  Implicit rule search has not been done.
#  Modification time never checked.
#  File has not been updated.
#  recipe to execute (from 'Makefile', line 170):
	$(LD) $(LDFLAGS) -N -e main -Ttext 0 -o $@ $^
	$(OBJDUMP) -S $@ > $*.asm
	$(OBJDUMP) -t $@ | sed '1,/SYMBOL TABLE/d; s/ .* / /; /^$$/d' > $*.sym

qemu: fs.img xv6.img
#  Implicit rule search has not been done.
#  Modification time never checked.
#  File has not been updated.
#  recipe to execute (from 'Makefile', line 288):
	$(QEMU) -serial mon:stdio $(QEMUOPTS)

vectors.S: vectors.pl
#  Implicit rule search has not been done.
#  Modification time never checked.
#  File has not been updated.
#  recipe to execute (from 'Makefile', line 143):
	perl vectors.pl > vectors.S

# Not a target:
%.o:
#  Precious file (prerequisite of .PRECIOUS).
#  Implicit rule search has not been done.
#  Modification time never checked.
#  File has not been updated.

initcode: initcode.S
#  Implicit rule search has not been done.
#  Modification time never checked.
#  File has not been updated.
#  recipe to execute (from 'Makefile', line 117):
	$(CC) $(CFLAGS) -nostdinc -I. -c initcode.S
	$(LD) $(LDFLAGS) -N -e start -Ttext 0 -o initcode.out initcode.o
	$(OBJCOPY) -S -O binary initcode.out initcode
	$(OBJDUMP) -S initcode.o > initcode.asm

# Not a target:
fcntl.h:
#  Implicit rule search has not been done.
#  Modification time never checked.
#  File has not been updated.

# Not a target:
initcode.S:
#  Implicit rule search has not been done.
#  Modification time never checked.
#  File has not been updated.

# Not a target:
log.o:
#  Implicit rule search has not been done.
#  Modification time never checked.
#  File has not been updated.

# Not a target:
umalloc.o:
#  Implicit rule search has not been done.
#  Modification time never checked.
#  File has not been updated.

# Not a target:
spinlock.c:
#  Implicit rule search has not been done.
#  Modification time never checked.
#  File has not been updated.

# Not a target:
trapasm.o:
#  Implicit rule search has not been done.
#  Modification time never checked.
#  File has not been updated.

# Not a target:
ioapic.c:
#  Implicit rule search has not been done.
#  Modification time never checked.
#  File has not been updated.

# Not a target:
txtEditor_gui.o:
#  Implicit rule search has not been done.
#  Modification time never checked.
#  File has not been updated.

# Not a target:
trapasm.S:
#  Implicit rule search has not been done.
#  Modification time never checked.
#  File has not been updated.

# Not a target:
_shutdown:
#  Implicit rule search has not been done.
#  Modification time never checked.
#  File has not been updated.

qemu-gdb: fs.img xv6.img .gdbinit
#  Implicit rule search has not been done.
#  Modification time never checked.
#  File has not been updated.
#  recipe to execute (from 'Makefile', line 300):
	@echo "*** Now run 'gdb'." 1>&2
	$(QEMU) -serial mon:stdio $(QEMUOPTS) -S $(QEMUGDB)

# Not a target:
context.o:
#  Implicit rule search has not been done.
#  Modification time never checked.
#  File has not been updated.

qemu-nox: fs.img xv6.img
#  Implicit rule search has not been done.
#  Modification time never checked.
#  File has not been updated.
#  recipe to execute (from 'Makefile', line 294):
	$(QEMU) -nographic $(QEMUOPTS)

# Not a target:
_grep:
#  Implicit rule search has not been done.
#  Modification time never checked.
#  File has not been updated.

# Not a target:
 
_decode:
#  Implicit rule search has not been done.
#  Modification time never checked.
#  File has not been updated.

# Not a target:
entryother.S:
#  Implicit rule search has not been done.
#  Modification time never checked.
#  File has not been updated.

dist-test:
#  Phony target (prerequisite of .PHONY).
#  Implicit rule search has not been done.
#  File does not exist.
#  File has not been updated.
#  recipe to execute (from 'Makefile', line 334):
	rm -rf dist
	make dist
	rm -rf dist-test
	mkdir dist-test
	cp dist/* dist-test
	cd dist-test; $(MAKE) print
	cd dist-test; $(MAKE) bochs || true
	cd dist-test; $(MAKE) qemu

# Not a target:
_usertests:
#  Implicit rule search has not been done.
#  Modification time never checked.
#  File has not been updated.

# Not a target:
swtch.o:
 
#  Implicit rule search has not been done.
#  Modification time never checked.
#  File has not been updated.

# Not a target:
sysfile.c:
#  Implicit rule search has not been done.
#  Modification time never checked.
#  File has not been updated.

# Not a target:
proc.h:
#  Implicit rule search has not been done.
#  Modification time never checked.
#  File has not been updated.

_forktest: forktest.o ulib.o usys.o printf.o umalloc.o math.o common.o huffman.o decodemp3.o
#  Implicit rule search has not been done.
#  Modification time never checked.
#  File has not been updated.
#  recipe to execute (from 'Makefile', line 154):
	# forktest has less library code linked in - needs to be small
	# in order to be able to max out the proc table.
	$(LD) $(LDFLAGS) -N -e main -Ttext 0 -o _forktest forktest.o ulib.o usys.o
	$(OBJDUMP) -S _forktest > forktest.asm

_finder: finder.o context.o drawingAPI.o bitmap.o clickable.o ulib.o usys.o printf.o umalloc.o math.o common.o huffman.o decodemp3.o
#  Implicit rule search has not been done.
#  Modification time never checked.
#  File has not been updated.
#  recipe to execute (from 'Makefile', line 175):
	$(LD) $(LDFLAGS) -N -e main -Ttext 0 -o $@ $^
	$(OBJDUMP) -S $@ > $*.asm
	$(OBJDUMP) -t $@ | sed '1,/SYMBOL TABLE/d; s/ .* / /; /^$$/d' > $*.sym

xv6memfs.img: bootblock kernelmemfs
#  Implicit rule search has not been done.
#  Modification time never checked.
#  File has not been updated.
#  recipe to execute (from 'Makefile', line 98):
	dd if=/dev/zero of=xv6memfs.img count=10000
	dd if=bootblock of=xv6memfs.img conv=notrunc
	dd if=kernelmemfs of=xv6memfs.img seek=1 conv=notrunc

# Not a target:
forktest.o:
#  Implicit rule search has not been done.
#  Modification time never checked.
#  File has not been updated.

# Not a target:
/dev/null:
#  Implicit rule search has not been done.
#  Modification time never checked.
#  File has not been updated.

# Not a target:
clickable.o:
#  Implicit rule search has not been done.
#  Modification time never checked.
#  File has not been updated.

.PHONY: dist-test dist
#  Implicit rule search has not been done.
#  Modification time never checked.
#  File has not been updated.

# Not a target:
_pause:
#  Implicit rule search has not been done.
#  Modification time never checked.
#  File has not been updated.

# Not a target:
README:
#  Implicit rule search has not been done.
#  Modification time never checked.
#  File has not been updated.

# Not a target:
trap.c:
#  Implicit rule search has not been done.
#  Modification time never checked.
#  File has not been updated.
 

mkfs: mkfs.c fs.h
#  Implicit rule search has not been done.
#  Modification time never checked.
#  File has not been updated.
#  recipe to execute (from 'Makefile', line 197):
	gcc -Wall -o mkfs mkfs.c

# Not a target:
_cal:
#  Implicit rule search has not been done.
#  Modification time never checked.
#  File has not been updated.

xv6.pdf: runoff.list runoff.spec README toc.hdr toc.ftr types.h param.h memlayout.h defs.h x86.h asm.h mmu.h elf.h entry.S entryother.S main.c spinlock.h spinlock.c vm.c proc.h proc.c swtch.S kalloc.c traps.h vectors.pl trapasm.S trap.c syscall.h syscall.c sysproc.c buf.h fcntl.h stat.h fs.h file.h ide.c bio.c log.c fs.c file.c sysfile.c exec.c pipe.c string.c mp.h mp.c lapic.c ioapic.c picirq.c kbd.h kbd.c console.c timer.c uart.c initcode.S usys.S init.c sh.c bootasm.S bootmain.c
#  Implicit rule search has not been done.
#  Modification time never checked.
#  File has not been updated.
#  recipe to execute (from 'Makefile', line 265):
	./runoff
	ls -l xv6.pdf

# Not a target:
usys.S:
#  Implicit rule search has not been done.
#  Modification time never checked.
#  File has not been updated.

# Not a target:
syscall.h:
#  Implicit rule search has not been done.
#  Modification time never checked.
#  File has not been updated.

xv6.img: bootblock kernel fs.img
#  Implicit rule search has not been done.
#  Modification time never checked.
#  File has not been updated.
#  recipe to execute (from 'Makefile', line 93):
	dd if=/dev/zero of=xv6.img count=120000
	dd if=bootblock of=xv6.img conv=notrunc
	dd if=kernel of=xv6.img seek=1 conv=notrunc

tags: sound.o bio.o console.o exec.o file.o fs.o ide.o ioapic.o kalloc.o kbd.o lapic.o log.o main.o mp.o picirq.o pipe.o proc.o spinlock.o string.o swtch.o sysaudio.o syscall.o sysfile.o sysproc.o timer.o trapasm.o trap.o uart.o vectors.o vm.o mouse.o window.o syswindow.o message.o vesamode.o entryother.S _init
#  Implicit rule search has not been done.
#  Modification time never checked.
#  File has not been updated.
#  recipe to execute (from 'Makefile', line 140):
	etags *.S *.c

# Not a target:
mkfs.c:
#  Implicit rule search has not been done.
#  Modification time never checked.
#  File has not been updated.

# Not a target:
mmu.h:
#  Implicit rule search has not been done.
#  Modification time never checked.
#  File has not been updated.

# Not a target:
bitmap.o:
#  Implicit rule search has not been done.
#  Modification time never checked.
#  File has not been updated.

# Not a target:
log.c:
#  Implicit rule search has not been done.
#  Modification time never checked.
#  File has not been updated.

# Not a target:
_vim:
#  Implicit rule search has not been done.
#  Modification time never checked.
#  File has not been updated.

.gdbinit: .gdbinit.tmpl
#  Implicit rule search has not been done.
#  Modification time never checked.
#  File has not been updated.
#  recipe to execute (from 'Makefile', line 297):
	sed "s/localhost:1234/localhost:$(GDBPORT)/" < $^ > $@

# Not a target:
sh.c:
#  Implicit rule search has not been done.
#  Modification time never checked.
#  File has not been updated.

# Not a target:
bio.c:
#  Implicit rule search has not been done.
#  Modification time never checked.
#  File has not been updated.

# Not a target:
vectors.o:
#  Implicit rule search has not been done.
#  Modification time never checked.
#  File has not been updated.

# files hash-table stats:
# Load=194/1024=19%, Rehash=0, Collisions=47/558=8%
# VPATH Search Paths

# No 'vpath' search paths.

# No general ('VPATH' variable) search path.

# strcache buffers: 1 (0) / strings = 336 / storage = 2956 B / avg = 8 B
# current buf: size = 8162 B / used = 2956 B / count = 336 / avg = 8 B

# strcache performance: lookups = 644 / hit rate = 47%
# hash-table stats:
# Load=336/8192=4%, Rehash=0, Collisions=20/644=3%
# Finished Make data base on Sun May 22 17:06:15 2022

 
